<?xml version="1.0" encoding="UTF-8"?>
<!-- Generated by org.testng.reporters.JUnitXMLReporter -->
<testsuite ignored="0" hostname="DESKTOP-6MP55UK" failures="0" tests="7" name="Default test" time="55.677" errors="0" timestamp="2022-10-13T23:43:01 IST">
  <testcase classname="com.springbot.practice.MAadhaarTestscode" name="testing" time="1.798"/>
  <testcase classname="com.springbot.practice.MAadhaarTestscode" name="signup" time="3.13"/>
  <testcase classname="com.springbot.practice.MAadhaarTestscode" name="signin" time="3.173"/>
  <testcase classname="com.springbot.practice.MAadhaarTestscode" name="adminhome" time="5.721"/>
  <testcase classname="com.springbot.practice.MAadhaarTestscode" name="userhome" time="3.313"/>
  <testcase classname="com.springbot.practice.MAadhaarTestscode" name="loadusers" time="2.393"/>
  <testcase classname="com.springbot.practice.MAadhaarTestscode" name="approve" time="2.657"/>
</testsuite> <!-- Default test -->
