<?xml version="1.0" encoding="UTF-8"?>
<testng-results ignored="0" total="7" passed="7" failed="0" skipped="0">
  <reporter-output>
  </reporter-output>
  <suite started-at="2022-10-13T23:53:04 IST" name="Suite" finished-at="2022-10-13T23:54:04 IST" duration-ms="60235">
    <groups>
    </groups>
    <test started-at="2022-10-13T23:53:04 IST" name="Test" finished-at="2022-10-13T23:54:04 IST" duration-ms="60235">
      <class name="com.springbot.practice.MAadhaarTestscode">
        <test-method is-config="true" signature="beforeMethod()[pri:0, instance:com.springbot.practice.MAadhaarTestscode@333d4a8c]" started-at="2022-10-13T23:53:04 IST" name="beforeMethod" finished-at="2022-10-13T23:53:13 IST" duration-ms="9179" status="PASS">
          <reporter-output>
          </reporter-output>
        </test-method> <!-- beforeMethod -->
        <test-method signature="testing()[pri:0, instance:com.springbot.practice.MAadhaarTestscode@333d4a8c]" started-at="2022-10-13T23:53:13 IST" name="testing" finished-at="2022-10-13T23:53:17 IST" duration-ms="3162" status="PASS">
          <reporter-output>
          </reporter-output>
        </test-method> <!-- testing -->
        <test-method is-config="true" signature="afterMethod()[pri:0, instance:com.springbot.practice.MAadhaarTestscode@333d4a8c]" started-at="2022-10-13T23:53:17 IST" name="afterMethod" finished-at="2022-10-13T23:53:17 IST" duration-ms="1" status="PASS">
          <reporter-output>
          </reporter-output>
        </test-method> <!-- afterMethod -->
        <test-method is-config="true" signature="beforeMethod()[pri:0, instance:com.springbot.practice.MAadhaarTestscode@333d4a8c]" started-at="2022-10-13T23:53:17 IST" name="beforeMethod" finished-at="2022-10-13T23:53:21 IST" duration-ms="4244" status="PASS">
          <reporter-output>
          </reporter-output>
        </test-method> <!-- beforeMethod -->
        <test-method signature="signup()[pri:1, instance:com.springbot.practice.MAadhaarTestscode@333d4a8c]" started-at="2022-10-13T23:53:21 IST" name="signup" finished-at="2022-10-13T23:53:24 IST" duration-ms="3356" status="PASS">
          <reporter-output>
          </reporter-output>
        </test-method> <!-- signup -->
        <test-method is-config="true" signature="afterMethod()[pri:0, instance:com.springbot.practice.MAadhaarTestscode@333d4a8c]" started-at="2022-10-13T23:53:24 IST" name="afterMethod" finished-at="2022-10-13T23:53:24 IST" duration-ms="8" status="PASS">
          <reporter-output>
          </reporter-output>
        </test-method> <!-- afterMethod -->
        <test-method is-config="true" signature="beforeMethod()[pri:0, instance:com.springbot.practice.MAadhaarTestscode@333d4a8c]" started-at="2022-10-13T23:53:24 IST" name="beforeMethod" finished-at="2022-10-13T23:53:30 IST" duration-ms="5602" status="PASS">
          <reporter-output>
          </reporter-output>
        </test-method> <!-- beforeMethod -->
        <test-method signature="signin()[pri:2, instance:com.springbot.practice.MAadhaarTestscode@333d4a8c]" started-at="2022-10-13T23:53:30 IST" name="signin" finished-at="2022-10-13T23:53:34 IST" duration-ms="3979" status="PASS">
          <reporter-output>
          </reporter-output>
        </test-method> <!-- signin -->
        <test-method is-config="true" signature="afterMethod()[pri:0, instance:com.springbot.practice.MAadhaarTestscode@333d4a8c]" started-at="2022-10-13T23:53:34 IST" name="afterMethod" finished-at="2022-10-13T23:53:34 IST" duration-ms="2" status="PASS">
          <reporter-output>
          </reporter-output>
        </test-method> <!-- afterMethod -->
        <test-method is-config="true" signature="beforeMethod()[pri:0, instance:com.springbot.practice.MAadhaarTestscode@333d4a8c]" started-at="2022-10-13T23:53:34 IST" name="beforeMethod" finished-at="2022-10-13T23:53:39 IST" duration-ms="4580" status="PASS">
          <reporter-output>
          </reporter-output>
        </test-method> <!-- beforeMethod -->
        <test-method signature="adminhome()[pri:4, instance:com.springbot.practice.MAadhaarTestscode@333d4a8c]" started-at="2022-10-13T23:53:39 IST" name="adminhome" finished-at="2022-10-13T23:53:41 IST" duration-ms="2794" status="PASS">
          <reporter-output>
          </reporter-output>
        </test-method> <!-- adminhome -->
        <test-method is-config="true" signature="afterMethod()[pri:0, instance:com.springbot.practice.MAadhaarTestscode@333d4a8c]" started-at="2022-10-13T23:53:41 IST" name="afterMethod" finished-at="2022-10-13T23:53:41 IST" duration-ms="6" status="PASS">
          <reporter-output>
          </reporter-output>
        </test-method> <!-- afterMethod -->
        <test-method is-config="true" signature="beforeMethod()[pri:0, instance:com.springbot.practice.MAadhaarTestscode@333d4a8c]" started-at="2022-10-13T23:53:41 IST" name="beforeMethod" finished-at="2022-10-13T23:53:46 IST" duration-ms="4985" status="PASS">
          <reporter-output>
          </reporter-output>
        </test-method> <!-- beforeMethod -->
        <test-method signature="userhome()[pri:5, instance:com.springbot.practice.MAadhaarTestscode@333d4a8c]" started-at="2022-10-13T23:53:46 IST" name="userhome" finished-at="2022-10-13T23:53:50 IST" duration-ms="3840" status="PASS">
          <reporter-output>
          </reporter-output>
        </test-method> <!-- userhome -->
        <test-method is-config="true" signature="afterMethod()[pri:0, instance:com.springbot.practice.MAadhaarTestscode@333d4a8c]" started-at="2022-10-13T23:53:50 IST" name="afterMethod" finished-at="2022-10-13T23:53:50 IST" duration-ms="2" status="PASS">
          <reporter-output>
          </reporter-output>
        </test-method> <!-- afterMethod -->
        <test-method is-config="true" signature="beforeMethod()[pri:0, instance:com.springbot.practice.MAadhaarTestscode@333d4a8c]" started-at="2022-10-13T23:53:50 IST" name="beforeMethod" finished-at="2022-10-13T23:53:55 IST" duration-ms="5137" status="PASS">
          <reporter-output>
          </reporter-output>
        </test-method> <!-- beforeMethod -->
        <test-method signature="loadusers()[pri:6, instance:com.springbot.practice.MAadhaarTestscode@333d4a8c]" started-at="2022-10-13T23:53:55 IST" name="loadusers" finished-at="2022-10-13T23:53:58 IST" duration-ms="2759" status="PASS">
          <reporter-output>
          </reporter-output>
        </test-method> <!-- loadusers -->
        <test-method is-config="true" signature="afterMethod()[pri:0, instance:com.springbot.practice.MAadhaarTestscode@333d4a8c]" started-at="2022-10-13T23:53:58 IST" name="afterMethod" finished-at="2022-10-13T23:53:58 IST" duration-ms="1" status="PASS">
          <reporter-output>
          </reporter-output>
        </test-method> <!-- afterMethod -->
        <test-method is-config="true" signature="beforeMethod()[pri:0, instance:com.springbot.practice.MAadhaarTestscode@333d4a8c]" started-at="2022-10-13T23:53:58 IST" name="beforeMethod" finished-at="2022-10-13T23:54:01 IST" duration-ms="3092" status="PASS">
          <reporter-output>
          </reporter-output>
        </test-method> <!-- beforeMethod -->
        <test-method signature="approve()[pri:7, instance:com.springbot.practice.MAadhaarTestscode@333d4a8c]" started-at="2022-10-13T23:54:01 IST" name="approve" finished-at="2022-10-13T23:54:04 IST" duration-ms="3075" status="PASS">
          <reporter-output>
          </reporter-output>
        </test-method> <!-- approve -->
        <test-method is-config="true" signature="afterMethod()[pri:0, instance:com.springbot.practice.MAadhaarTestscode@333d4a8c]" started-at="2022-10-13T23:54:04 IST" name="afterMethod" finished-at="2022-10-13T23:54:04 IST" duration-ms="1" status="PASS">
          <reporter-output>
          </reporter-output>
        </test-method> <!-- afterMethod -->
      </class> <!-- com.springbot.practice.MAadhaarTestscode -->
    </test> <!-- Test -->
  </suite> <!-- Suite -->
</testng-results>
