<?xml version="1.0" encoding="UTF-8"?>
<!-- Generated by org.testng.reporters.JUnitXMLReporter -->
<testsuite ignored="0" hostname="DESKTOP-6MP55UK" failures="0" tests="7" name="Test" time="60.235" errors="0" timestamp="2022-10-13T23:54:04 IST">
  <testcase classname="com.springbot.practice.MAadhaarTestscode" name="testing" time="3.162"/>
  <testcase classname="com.springbot.practice.MAadhaarTestscode" name="signup" time="3.356"/>
  <testcase classname="com.springbot.practice.MAadhaarTestscode" name="signin" time="3.979"/>
  <testcase classname="com.springbot.practice.MAadhaarTestscode" name="adminhome" time="2.794"/>
  <testcase classname="com.springbot.practice.MAadhaarTestscode" name="userhome" time="3.84"/>
  <testcase classname="com.springbot.practice.MAadhaarTestscode" name="loadusers" time="2.759"/>
  <testcase classname="com.springbot.practice.MAadhaarTestscode" name="approve" time="3.075"/>
</testsuite> <!-- Test -->
